<?xml version="1.0" encoding="UTF-8"?>
<!-- Generated by org.testng.reporters.JUnitReportReporter -->
<testsuite hostname="DESKTOP-559DUI6" name="Basics" tests="1" failures="0" timestamp="12 Feb 2020 17:26:24 GMT" time="1.637" errors="0">
  <testcase name="deletedata" time="1.637" classname="Basics"/>
</testsuite> <!-- Basics -->
